<?xml version="1.0" encoding="UTF-8"?>
<testsuite xmlns:xsi="http://www.w3.org/2001/XMLSchema-instance" xsi:noNamespaceSchemaLocation="https://maven.apache.org/surefire/maven-surefire-plugin/xsd/surefire-test-report.xsd" version="3.0.2" name="dev.sluice.core.JobsRepositoryTest" time="9.372" tests="11" errors="0" skipped="0" failures="0" flakes="0">
  <properties>
[...]
</properties>
  <testcase name="heartbeatSucceedsForRightfulOwner" classname="dev.sluice.core.JobsRepositoryTest" time="1.465">
    <system-err><![CDATA[[main] INFO org.testcontainers.images.PullPolicy - Image pull policy will be performed by: DefaultPullPolicy()
[main] INFO org.testcontainers.utility.ImageNameSubstitutor - Image name substitution will be performed by: DefaultImageNameSubstitutor (composite of 'ConfigurationFileImageNameSubstitutor' and 'PrefixingImageNameSubstitutor')
[main] INFO org.testcontainers.DockerClientFactory - Testcontainers version: 1.21.4
[main] INFO org.testcontainers.dockerclient.DockerClientProviderStrategy - Loaded org.testcontainers.dockerclient.NpipeSocketClientProviderStrategy from ~/.testcontainers.properties, will try it first
[main] INFO org.testcontainers.dockerclient.DockerClientProviderStrategy - Found Docker environment with local Npipe socket (npipe:////./pipe/docker_engine)
[main] INFO org.testcontainers.DockerClientFactory - Docker host IP address is localhost
[main] INFO org.testcontainers.DockerClientFactory - Connected to docker: 
  Server Version: 29.7.2
  API Version: 1.55
  Operating System: Docker Desktop
  Total Memory: 7598 MB
  Labels: 
    com.docker.desktop.address=npipe://\\.\pipe\docker_cli
[main] INFO tc.testcontainers/ryuk:0.12.0 - Creating container for image: testcontainers/ryuk:0.12.0
[main] INFO tc.testcontainers/ryuk:0.12.0 - Container testcontainers/ryuk:0.12.0 is starting: 4376f77efc27dc54d90e84201f935ce7a6bd6d42a67bb3aa982516d2abfbc40d
[main] INFO tc.testcontainers/ryuk:0.12.0 - Container testcontainers/ryuk:0.12.0 started in PT0.9204915S
[main] INFO org.testcontainers.utility.RyukResourceReaper - Ryuk started - will monitor and terminate Testcontainers containers on JVM exit
[main] INFO org.testcontainers.DockerClientFactory - Checking the system...
[main] INFO org.testcontainers.DockerClientFactory - ✔︎ Docker server version should be at least 1.6.0
[main] INFO tc.postgres:16-alpine - Creating container for image: postgres:16-alpine
[main] INFO tc.postgres:16-alpine - Container postgres:16-alpine is starting: 4efc9373b446952e4a746bdfe10c109acd06fce89b88f8abeb5bd0681641c6f3
[main] INFO tc.postgres:16-alpine - Container postgres:16-alpine started in PT2.3575509S
[main] INFO tc.postgres:16-alpine - Container is started (JDBC URL: jdbc:postgresql://localhost:57103/test?loggerLevel=OFF)
[main] INFO org.flywaydb.core.FlywayExecutor - Database: jdbc:postgresql://localhost:57103/test?adaptiveFetch=false&adaptiveFetchMaximum=-1&adaptiveFetchMinimum=0&allowEncodingChanges=false&ApplicationName=PostgreSQL+JDBC+Driver&autosave=never&binaryTransfer=true&binaryTransferDisable=&binaryTransferEnable=&cancelSignalTimeout=10&channelBinding=prefer&classLoaderStrategy=driver-first&cleanupSavepoints=false&connectTimeout=10&convertBooleanToNumeric=false&databaseMetadataCacheFields=65536&databaseMetadataCacheFieldsMiB=5&defaultRowFetchSize=0&disableColumnSanitiser=false&escapeSyntaxCallMode=select&flushCacheOnDdl=true&groupStartupParameters=false&gssEncMode=allow&gsslib=auto&gssResponseTimeout=5000&gssUseDefaultCreds=false&hideUnprivilegedObjects=false&hostRecheckSeconds=10&jaasApplicationName=pgjdbc&jaasLogin=true&loadBalanceHosts=false&loggerLevel=OFF&loginTimeout=0&logServerErrorDetail=true&logUnclosedConnections=false&maxSendBufferSize=8192&pemKeyAlgorithm=RSA&preferQueryMode=extended&preparedStatementCacheQueries=256&preparedStatementCacheSizeMiB=5&prepareThreshold=5&protocolVersion=3&queryTimeout=0&quoteReturningIdentifiers=true&readOnly=false&readOnlyMode=transaction&receiveBufferSize=-1&reWriteBatchedInserts=false&reWriteBatchedInsertsSize=0&scramMaxIterations=100000&sendBufferSize=-1&socketTimeout=0&sslfactory=org.postgresql.ssl.LibPQFactory&sslNegotiation=postgres&sslResponseTimeout=5000&sspiServiceClass=POSTGRES&targetServerType=any&tcpKeepAlive=false&tcpNoDelay=true&unknownLength=2147483647&useSpnego=false&xmlFactoryFactory= (PostgreSQL 16.15)
[main] INFO org.flywaydb.core.internal.schemahistory.JdbcTableSchemaHistory - Schema history table "public"."flyway_schema_history" does not exist yet
[main] INFO org.flywaydb.core.internal.command.DbValidate - Successfully validated 4 migrations (execution time 00:00.031s)
[main] INFO org.flywaydb.core.internal.schemahistory.JdbcTableSchemaHistory - Creating Schema History table "public"."flyway_schema_history" ...
[main] INFO org.flywaydb.core.internal.command.DbMigrate - Current version of schema "public": << Empty Schema >>
[main] INFO org.flywaydb.core.internal.command.DbMigrate - Migrating schema "public" to version "1 - create jobs table"
[main] INFO org.flywaydb.core.internal.command.DbMigrate - Migrating schema "public" to version "2 - add lease expires at"
[main] INFO org.flywaydb.core.internal.command.DbMigrate - Migrating schema "public" to version "3 - add retry tracking"
[main] INFO org.flywaydb.core.internal.command.DbMigrate - Migrating schema "public" to version "4 - add dead letter status"
[main] INFO org.flywaydb.core.internal.command.DbMigrate - Successfully applied 4 migrations to schema "public", now at version v4 (execution time 00:00.059s)
]]></system-err>
  </testcase>
  <testcase name="claimNeverAssignsSameJobToWorker" classname="dev.sluice.core.JobsRepositoryTest" time="0.75">
    <system-err><![CDATA[[main] INFO org.flywaydb.core.FlywayExecutor - Database: jdbc:postgresql://localhost:57103/test?adaptiveFetch=false&adaptiveFetchMaximum=-1&adaptiveFetchMinimum=0&allowEncodingChanges=false&ApplicationName=PostgreSQL+JDBC+Driver&autosave=never&binaryTransfer=true&binaryTransferDisable=&binaryTransferEnable=&cancelSignalTimeout=10&channelBinding=prefer&classLoaderStrategy=driver-first&cleanupSavepoints=false&connectTimeout=10&convertBooleanToNumeric=false&databaseMetadataCacheFields=65536&databaseMetadataCacheFieldsMiB=5&defaultRowFetchSize=0&disableColumnSanitiser=false&escapeSyntaxCallMode=select&flushCacheOnDdl=true&groupStartupParameters=false&gssEncMode=allow&gsslib=auto&gssResponseTimeout=5000&gssUseDefaultCreds=false&hideUnprivilegedObjects=false&hostRecheckSeconds=10&jaasApplicationName=pgjdbc&jaasLogin=true&loadBalanceHosts=false&loggerLevel=OFF&loginTimeout=0&logServerErrorDetail=true&logUnclosedConnections=false&maxSendBufferSize=8192&pemKeyAlgorithm=RSA&preferQueryMode=extended&preparedStatementCacheQueries=256&preparedStatementCacheSizeMiB=5&prepareThreshold=5&protocolVersion=3&queryTimeout=0&quoteReturningIdentifiers=true&readOnly=false&readOnlyMode=transaction&receiveBufferSize=-1&reWriteBatchedInserts=false&reWriteBatchedInsertsSize=0&scramMaxIterations=100000&sendBufferSize=-1&socketTimeout=0&sslfactory=org.postgresql.ssl.LibPQFactory&sslNegotiation=postgres&sslResponseTimeout=5000&sspiServiceClass=POSTGRES&targetServerType=any&tcpKeepAlive=false&tcpNoDelay=true&unknownLength=2147483647&useSpnego=false&xmlFactoryFactory= (PostgreSQL 16.15)
[main] INFO org.flywaydb.core.internal.command.DbValidate - Successfully validated 4 migrations (execution time 00:00.015s)
[main] INFO org.flywaydb.core.internal.command.DbMigrate - Current version of schema "public": 4
[main] INFO org.flywaydb.core.internal.command.DbMigrate - Schema "public" is up to date. No migration necessary.
]]></system-err>
  </testcase>
  <testcase name="heartbeatFailsForAJobThatNotClaimed" classname="dev.sluice.core.JobsRepositoryTest" time="0.243">
    <system-err><![CDATA[[main] INFO org.flywaydb.core.FlywayExecutor - Database: jdbc:postgresql://localhost:57103/test?adaptiveFetch=false&adaptiveFetchMaximum=-1&adaptiveFetchMinimum=0&allowEncodingChanges=false&ApplicationName=PostgreSQL+JDBC+Driver&autosave=never&binaryTransfer=true&binaryTransferDisable=&binaryTransferEnable=&cancelSignalTimeout=10&channelBinding=prefer&classLoaderStrategy=driver-first&cleanupSavepoints=false&connectTimeout=10&convertBooleanToNumeric=false&databaseMetadataCacheFields=65536&databaseMetadataCacheFieldsMiB=5&defaultRowFetchSize=0&disableColumnSanitiser=false&escapeSyntaxCallMode=select&flushCacheOnDdl=true&groupStartupParameters=false&gssEncMode=allow&gsslib=auto&gssResponseTimeout=5000&gssUseDefaultCreds=false&hideUnprivilegedObjects=false&hostRecheckSeconds=10&jaasApplicationName=pgjdbc&jaasLogin=true&loadBalanceHosts=false&loggerLevel=OFF&loginTimeout=0&logServerErrorDetail=true&logUnclosedConnections=false&maxSendBufferSize=8192&pemKeyAlgorithm=RSA&preferQueryMode=extended&preparedStatementCacheQueries=256&preparedStatementCacheSizeMiB=5&prepareThreshold=5&protocolVersion=3&queryTimeout=0&quoteReturningIdentifiers=true&readOnly=false&readOnlyMode=transaction&receiveBufferSize=-1&reWriteBatchedInserts=false&reWriteBatchedInsertsSize=0&scramMaxIterations=100000&sendBufferSize=-1&socketTimeout=0&sslfactory=org.postgresql.ssl.LibPQFactory&sslNegotiation=postgres&sslResponseTimeout=5000&sspiServiceClass=POSTGRES&targetServerType=any&tcpKeepAlive=false&tcpNoDelay=true&unknownLength=2147483647&useSpnego=false&xmlFactoryFactory= (PostgreSQL 16.15)
[main] INFO org.flywaydb.core.internal.command.DbValidate - Successfully validated 4 migrations (execution time 00:00.015s)
[main] INFO org.flywaydb.core.internal.command.DbMigrate - Current version of schema "public": 4
[main] INFO org.flywaydb.core.internal.command.DbMigrate - Schema "public" is up to date. No migration necessary.
]]></system-err>
  </testcase>
  <testcase name="reclaimExpiredLeasesDeadLettersJobAfterMaxAttempts" classname="dev.sluice.core.JobsRepositoryTest" time="0.355">
    <system-err><![CDATA[[main] INFO org.flywaydb.core.FlywayExecutor - Database: jdbc:postgresql://localhost:57103/test?adaptiveFetch=false&adaptiveFetchMaximum=-1&adaptiveFetchMinimum=0&allowEncodingChanges=false&ApplicationName=PostgreSQL+JDBC+Driver&autosave=never&binaryTransfer=true&binaryTransferDisable=&binaryTransferEnable=&cancelSignalTimeout=10&channelBinding=prefer&classLoaderStrategy=driver-first&cleanupSavepoints=false&connectTimeout=10&convertBooleanToNumeric=false&databaseMetadataCacheFields=65536&databaseMetadataCacheFieldsMiB=5&defaultRowFetchSize=0&disableColumnSanitiser=false&escapeSyntaxCallMode=select&flushCacheOnDdl=true&groupStartupParameters=false&gssEncMode=allow&gsslib=auto&gssResponseTimeout=5000&gssUseDefaultCreds=false&hideUnprivilegedObjects=false&hostRecheckSeconds=10&jaasApplicationName=pgjdbc&jaasLogin=true&loadBalanceHosts=false&loggerLevel=OFF&loginTimeout=0&logServerErrorDetail=true&logUnclosedConnections=false&maxSendBufferSize=8192&pemKeyAlgorithm=RSA&preferQueryMode=extended&preparedStatementCacheQueries=256&preparedStatementCacheSizeMiB=5&prepareThreshold=5&protocolVersion=3&queryTimeout=0&quoteReturningIdentifiers=true&readOnly=false&readOnlyMode=transaction&receiveBufferSize=-1&reWriteBatchedInserts=false&reWriteBatchedInsertsSize=0&scramMaxIterations=100000&sendBufferSize=-1&socketTimeout=0&sslfactory=org.postgresql.ssl.LibPQFactory&sslNegotiation=postgres&sslResponseTimeout=5000&sspiServiceClass=POSTGRES&targetServerType=any&tcpKeepAlive=false&tcpNoDelay=true&unknownLength=2147483647&useSpnego=false&xmlFactoryFactory= (PostgreSQL 16.15)
[main] INFO org.flywaydb.core.internal.command.DbValidate - Successfully validated 4 migrations (execution time 00:00.014s)
[main] INFO org.flywaydb.core.internal.command.DbMigrate - Current version of schema "public": 4
[main] INFO org.flywaydb.core.internal.command.DbMigrate - Schema "public" is up to date. No migration necessary.
]]></system-err>
  </testcase>
  <testcase name="enqueueInsertsAPendingJob" classname="dev.sluice.core.JobsRepositoryTest" time="0.217">
    <system-err><![CDATA[[main] INFO org.flywaydb.core.FlywayExecutor - Database: jdbc:postgresql://localhost:57103/test?adaptiveFetch=false&adaptiveFetchMaximum=-1&adaptiveFetchMinimum=0&allowEncodingChanges=false&ApplicationName=PostgreSQL+JDBC+Driver&autosave=never&binaryTransfer=true&binaryTransferDisable=&binaryTransferEnable=&cancelSignalTimeout=10&channelBinding=prefer&classLoaderStrategy=driver-first&cleanupSavepoints=false&connectTimeout=10&convertBooleanToNumeric=false&databaseMetadataCacheFields=65536&databaseMetadataCacheFieldsMiB=5&defaultRowFetchSize=0&disableColumnSanitiser=false&escapeSyntaxCallMode=select&flushCacheOnDdl=true&groupStartupParameters=false&gssEncMode=allow&gsslib=auto&gssResponseTimeout=5000&gssUseDefaultCreds=false&hideUnprivilegedObjects=false&hostRecheckSeconds=10&jaasApplicationName=pgjdbc&jaasLogin=true&loadBalanceHosts=false&loggerLevel=OFF&loginTimeout=0&logServerErrorDetail=true&logUnclosedConnections=false&maxSendBufferSize=8192&pemKeyAlgorithm=RSA&preferQueryMode=extended&preparedStatementCacheQueries=256&preparedStatementCacheSizeMiB=5&prepareThreshold=5&protocolVersion=3&queryTimeout=0&quoteReturningIdentifiers=true&readOnly=false&readOnlyMode=transaction&receiveBufferSize=-1&reWriteBatchedInserts=false&reWriteBatchedInsertsSize=0&scramMaxIterations=100000&sendBufferSize=-1&socketTimeout=0&sslfactory=org.postgresql.ssl.LibPQFactory&sslNegotiation=postgres&sslResponseTimeout=5000&sspiServiceClass=POSTGRES&targetServerType=any&tcpKeepAlive=false&tcpNoDelay=true&unknownLength=2147483647&useSpnego=false&xmlFactoryFactory= (PostgreSQL 16.15)
[main] INFO org.flywaydb.core.internal.command.DbValidate - Successfully validated 4 migrations (execution time 00:00.014s)
[main] INFO org.flywaydb.core.internal.command.DbMigrate - Current version of schema "public": 4
[main] INFO org.flywaydb.core.internal.command.DbMigrate - Schema "public" is up to date. No migration necessary.
]]></system-err>
  </testcase>
  <testcase name="claimAssignsApendingJobToWorker" classname="dev.sluice.core.JobsRepositoryTest" time="0.277">
    <system-err><![CDATA[[main] INFO org.flywaydb.core.FlywayExecutor - Database: jdbc:postgresql://localhost:57103/test?adaptiveFetch=false&adaptiveFetchMaximum=-1&adaptiveFetchMinimum=0&allowEncodingChanges=false&ApplicationName=PostgreSQL+JDBC+Driver&autosave=never&binaryTransfer=true&binaryTransferDisable=&binaryTransferEnable=&cancelSignalTimeout=10&channelBinding=prefer&classLoaderStrategy=driver-first&cleanupSavepoints=false&connectTimeout=10&convertBooleanToNumeric=false&databaseMetadataCacheFields=65536&databaseMetadataCacheFieldsMiB=5&defaultRowFetchSize=0&disableColumnSanitiser=false&escapeSyntaxCallMode=select&flushCacheOnDdl=true&groupStartupParameters=false&gssEncMode=allow&gsslib=auto&gssResponseTimeout=5000&gssUseDefaultCreds=false&hideUnprivilegedObjects=false&hostRecheckSeconds=10&jaasApplicationName=pgjdbc&jaasLogin=true&loadBalanceHosts=false&loggerLevel=OFF&loginTimeout=0&logServerErrorDetail=true&logUnclosedConnections=false&maxSendBufferSize=8192&pemKeyAlgorithm=RSA&preferQueryMode=extended&preparedStatementCacheQueries=256&preparedStatementCacheSizeMiB=5&prepareThreshold=5&protocolVersion=3&queryTimeout=0&quoteReturningIdentifiers=true&readOnly=false&readOnlyMode=transaction&receiveBufferSize=-1&reWriteBatchedInserts=false&reWriteBatchedInsertsSize=0&scramMaxIterations=100000&sendBufferSize=-1&socketTimeout=0&sslfactory=org.postgresql.ssl.LibPQFactory&sslNegotiation=postgres&sslResponseTimeout=5000&sspiServiceClass=POSTGRES&targetServerType=any&tcpKeepAlive=false&tcpNoDelay=true&unknownLength=2147483647&useSpnego=false&xmlFactoryFactory= (PostgreSQL 16.15)
[main] INFO org.flywaydb.core.internal.command.DbValidate - Successfully validated 4 migrations (execution time 00:00.014s)
[main] INFO org.flywaydb.core.internal.command.DbMigrate - Current version of schema "public": 4
[main] INFO org.flywaydb.core.internal.command.DbMigrate - Schema "public" is up to date. No migration necessary.
]]></system-err>
  </testcase>
  <testcase name="markFailedFailsWhenWorkerDoesNotOwnJob" classname="dev.sluice.core.JobsRepositoryTest" time="0.251">
    <system-err><![CDATA[[main] INFO org.flywaydb.core.FlywayExecutor - Database: jdbc:postgresql://localhost:57103/test?adaptiveFetch=false&adaptiveFetchMaximum=-1&adaptiveFetchMinimum=0&allowEncodingChanges=false&ApplicationName=PostgreSQL+JDBC+Driver&autosave=never&binaryTransfer=true&binaryTransferDisable=&binaryTransferEnable=&cancelSignalTimeout=10&channelBinding=prefer&classLoaderStrategy=driver-first&cleanupSavepoints=false&connectTimeout=10&convertBooleanToNumeric=false&databaseMetadataCacheFields=65536&databaseMetadataCacheFieldsMiB=5&defaultRowFetchSize=0&disableColumnSanitiser=false&escapeSyntaxCallMode=select&flushCacheOnDdl=true&groupStartupParameters=false&gssEncMode=allow&gsslib=auto&gssResponseTimeout=5000&gssUseDefaultCreds=false&hideUnprivilegedObjects=false&hostRecheckSeconds=10&jaasApplicationName=pgjdbc&jaasLogin=true&loadBalanceHosts=false&loggerLevel=OFF&loginTimeout=0&logServerErrorDetail=true&logUnclosedConnections=false&maxSendBufferSize=8192&pemKeyAlgorithm=RSA&preferQueryMode=extended&preparedStatementCacheQueries=256&preparedStatementCacheSizeMiB=5&prepareThreshold=5&protocolVersion=3&queryTimeout=0&quoteReturningIdentifiers=true&readOnly=false&readOnlyMode=transaction&receiveBufferSize=-1&reWriteBatchedInserts=false&reWriteBatchedInsertsSize=0&scramMaxIterations=100000&sendBufferSize=-1&socketTimeout=0&sslfactory=org.postgresql.ssl.LibPQFactory&sslNegotiation=postgres&sslResponseTimeout=5000&sspiServiceClass=POSTGRES&targetServerType=any&tcpKeepAlive=false&tcpNoDelay=true&unknownLength=2147483647&useSpnego=false&xmlFactoryFactory= (PostgreSQL 16.15)
[main] INFO org.flywaydb.core.internal.command.DbValidate - Successfully validated 4 migrations (execution time 00:00.014s)
[main] INFO org.flywaydb.core.internal.command.DbMigrate - Current version of schema "public": 4
[main] INFO org.flywaydb.core.internal.command.DbMigrate - Schema "public" is up to date. No migration necessary.
]]></system-err>
  </testcase>
  <testcase name="reclaimExpiredLeasesMakeDeadTasksReclaimable" classname="dev.sluice.core.JobsRepositoryTest" time="0.272">
    <system-err><![CDATA[[main] INFO org.flywaydb.core.FlywayExecutor - Database: jdbc:postgresql://localhost:57103/test?adaptiveFetch=false&adaptiveFetchMaximum=-1&adaptiveFetchMinimum=0&allowEncodingChanges=false&ApplicationName=PostgreSQL+JDBC+Driver&autosave=never&binaryTransfer=true&binaryTransferDisable=&binaryTransferEnable=&cancelSignalTimeout=10&channelBinding=prefer&classLoaderStrategy=driver-first&cleanupSavepoints=false&connectTimeout=10&convertBooleanToNumeric=false&databaseMetadataCacheFields=65536&databaseMetadataCacheFieldsMiB=5&defaultRowFetchSize=0&disableColumnSanitiser=false&escapeSyntaxCallMode=select&flushCacheOnDdl=true&groupStartupParameters=false&gssEncMode=allow&gsslib=auto&gssResponseTimeout=5000&gssUseDefaultCreds=false&hideUnprivilegedObjects=false&hostRecheckSeconds=10&jaasApplicationName=pgjdbc&jaasLogin=true&loadBalanceHosts=false&loggerLevel=OFF&loginTimeout=0&logServerErrorDetail=true&logUnclosedConnections=false&maxSendBufferSize=8192&pemKeyAlgorithm=RSA&preferQueryMode=extended&preparedStatementCacheQueries=256&preparedStatementCacheSizeMiB=5&prepareThreshold=5&protocolVersion=3&queryTimeout=0&quoteReturningIdentifiers=true&readOnly=false&readOnlyMode=transaction&receiveBufferSize=-1&reWriteBatchedInserts=false&reWriteBatchedInsertsSize=0&scramMaxIterations=100000&sendBufferSize=-1&socketTimeout=0&sslfactory=org.postgresql.ssl.LibPQFactory&sslNegotiation=postgres&sslResponseTimeout=5000&sspiServiceClass=POSTGRES&targetServerType=any&tcpKeepAlive=false&tcpNoDelay=true&unknownLength=2147483647&useSpnego=false&xmlFactoryFactory= (PostgreSQL 16.15)
[main] INFO org.flywaydb.core.internal.command.DbValidate - Successfully validated 4 migrations (execution time 00:00.013s)
[main] INFO org.flywaydb.core.internal.command.DbMigrate - Current version of schema "public": 4
[main] INFO org.flywaydb.core.internal.command.DbMigrate - Schema "public" is up to date. No migration necessary.
]]></system-err>
  </testcase>
  <testcase name="markFailedIncrementsAttemptsAndSetsAvailableAt" classname="dev.sluice.core.JobsRepositoryTest" time="0.272">
    <system-err><![CDATA[[main] INFO org.flywaydb.core.FlywayExecutor - Database: jdbc:postgresql://localhost:57103/test?adaptiveFetch=false&adaptiveFetchMaximum=-1&adaptiveFetchMinimum=0&allowEncodingChanges=false&ApplicationName=PostgreSQL+JDBC+Driver&autosave=never&binaryTransfer=true&binaryTransferDisable=&binaryTransferEnable=&cancelSignalTimeout=10&channelBinding=prefer&classLoaderStrategy=driver-first&cleanupSavepoints=false&connectTimeout=10&convertBooleanToNumeric=false&databaseMetadataCacheFields=65536&databaseMetadataCacheFieldsMiB=5&defaultRowFetchSize=0&disableColumnSanitiser=false&escapeSyntaxCallMode=select&flushCacheOnDdl=true&groupStartupParameters=false&gssEncMode=allow&gsslib=auto&gssResponseTimeout=5000&gssUseDefaultCreds=false&hideUnprivilegedObjects=false&hostRecheckSeconds=10&jaasApplicationName=pgjdbc&jaasLogin=true&loadBalanceHosts=false&loggerLevel=OFF&loginTimeout=0&logServerErrorDetail=true&logUnclosedConnections=false&maxSendBufferSize=8192&pemKeyAlgorithm=RSA&preferQueryMode=extended&preparedStatementCacheQueries=256&preparedStatementCacheSizeMiB=5&prepareThreshold=5&protocolVersion=3&queryTimeout=0&quoteReturningIdentifiers=true&readOnly=false&readOnlyMode=transaction&receiveBufferSize=-1&reWriteBatchedInserts=false&reWriteBatchedInsertsSize=0&scramMaxIterations=100000&sendBufferSize=-1&socketTimeout=0&sslfactory=org.postgresql.ssl.LibPQFactory&sslNegotiation=postgres&sslResponseTimeout=5000&sspiServiceClass=POSTGRES&targetServerType=any&tcpKeepAlive=false&tcpNoDelay=true&unknownLength=2147483647&useSpnego=false&xmlFactoryFactory= (PostgreSQL 16.15)
[main] INFO org.flywaydb.core.internal.command.DbValidate - Successfully validated 4 migrations (execution time 00:00.014s)
[main] INFO org.flywaydb.core.internal.command.DbMigrate - Current version of schema "public": 4
[main] INFO org.flywaydb.core.internal.command.DbMigrate - Schema "public" is up to date. No migration necessary.
]]></system-err>
  </testcase>
  <testcase name="claimSetsLeaseExpiryApproximatelyLeaseSecondsFromNow" classname="dev.sluice.core.JobsRepositoryTest" time="0.244">
    <system-err><![CDATA[[main] INFO org.flywaydb.core.FlywayExecutor - Database: jdbc:postgresql://localhost:57103/test?adaptiveFetch=false&adaptiveFetchMaximum=-1&adaptiveFetchMinimum=0&allowEncodingChanges=false&ApplicationName=PostgreSQL+JDBC+Driver&autosave=never&binaryTransfer=true&binaryTransferDisable=&binaryTransferEnable=&cancelSignalTimeout=10&channelBinding=prefer&classLoaderStrategy=driver-first&cleanupSavepoints=false&connectTimeout=10&convertBooleanToNumeric=false&databaseMetadataCacheFields=65536&databaseMetadataCacheFieldsMiB=5&defaultRowFetchSize=0&disableColumnSanitiser=false&escapeSyntaxCallMode=select&flushCacheOnDdl=true&groupStartupParameters=false&gssEncMode=allow&gsslib=auto&gssResponseTimeout=5000&gssUseDefaultCreds=false&hideUnprivilegedObjects=false&hostRecheckSeconds=10&jaasApplicationName=pgjdbc&jaasLogin=true&loadBalanceHosts=false&loggerLevel=OFF&loginTimeout=0&logServerErrorDetail=true&logUnclosedConnections=false&maxSendBufferSize=8192&pemKeyAlgorithm=RSA&preferQueryMode=extended&preparedStatementCacheQueries=256&preparedStatementCacheSizeMiB=5&prepareThreshold=5&protocolVersion=3&queryTimeout=0&quoteReturningIdentifiers=true&readOnly=false&readOnlyMode=transaction&receiveBufferSize=-1&reWriteBatchedInserts=false&reWriteBatchedInsertsSize=0&scramMaxIterations=100000&sendBufferSize=-1&socketTimeout=0&sslfactory=org.postgresql.ssl.LibPQFactory&sslNegotiation=postgres&sslResponseTimeout=5000&sspiServiceClass=POSTGRES&targetServerType=any&tcpKeepAlive=false&tcpNoDelay=true&unknownLength=2147483647&useSpnego=false&xmlFactoryFactory= (PostgreSQL 16.15)
[main] INFO org.flywaydb.core.internal.command.DbValidate - Successfully validated 4 migrations (execution time 00:00.014s)
[main] INFO org.flywaydb.core.internal.command.DbMigrate - Current version of schema "public": 4
[main] INFO org.flywaydb.core.internal.command.DbMigrate - Schema "public" is up to date. No migration necessary.
]]></system-err>
  </testcase>
  <testcase name="markFailedDeadLettersJobAfterMaxAttempts" classname="dev.sluice.core.JobsRepositoryTest" time="0.354">
    <system-err><![CDATA[[main] INFO org.flywaydb.core.FlywayExecutor - Database: jdbc:postgresql://localhost:57103/test?adaptiveFetch=false&adaptiveFetchMaximum=-1&adaptiveFetchMinimum=0&allowEncodingChanges=false&ApplicationName=PostgreSQL+JDBC+Driver&autosave=never&binaryTransfer=true&binaryTransferDisable=&binaryTransferEnable=&cancelSignalTimeout=10&channelBinding=prefer&classLoaderStrategy=driver-first&cleanupSavepoints=false&connectTimeout=10&convertBooleanToNumeric=false&databaseMetadataCacheFields=65536&databaseMetadataCacheFieldsMiB=5&defaultRowFetchSize=0&disableColumnSanitiser=false&escapeSyntaxCallMode=select&flushCacheOnDdl=true&groupStartupParameters=false&gssEncMode=allow&gsslib=auto&gssResponseTimeout=5000&gssUseDefaultCreds=false&hideUnprivilegedObjects=false&hostRecheckSeconds=10&jaasApplicationName=pgjdbc&jaasLogin=true&loadBalanceHosts=false&loggerLevel=OFF&loginTimeout=0&logServerErrorDetail=true&logUnclosedConnections=false&maxSendBufferSize=8192&pemKeyAlgorithm=RSA&preferQueryMode=extended&preparedStatementCacheQueries=256&preparedStatementCacheSizeMiB=5&prepareThreshold=5&protocolVersion=3&queryTimeout=0&quoteReturningIdentifiers=true&readOnly=false&readOnlyMode=transaction&receiveBufferSize=-1&reWriteBatchedInserts=false&reWriteBatchedInsertsSize=0&scramMaxIterations=100000&sendBufferSize=-1&socketTimeout=0&sslfactory=org.postgresql.ssl.LibPQFactory&sslNegotiation=postgres&sslResponseTimeout=5000&sspiServiceClass=POSTGRES&targetServerType=any&tcpKeepAlive=false&tcpNoDelay=true&unknownLength=2147483647&useSpnego=false&xmlFactoryFactory= (PostgreSQL 16.15)
[main] INFO org.flywaydb.core.internal.command.DbValidate - Successfully validated 4 migrations (execution time 00:00.013s)
[main] INFO org.flywaydb.core.internal.command.DbMigrate - Current version of schema "public": 4
[main] INFO org.flywaydb.core.internal.command.DbMigrate - Schema "public" is up to date. No migration necessary.
]]></system-err>
  </testcase>
</testsuite>